0 info it worked if it ends with ok
1 verbose cli [ '/usr/local/bin/node',
1 verbose cli   '/usr/local/bin/npm',
1 verbose cli   'run',
1 verbose cli   'webpackdev' ]
2 info using npm@3.10.6
3 info using node@v6.2.0
4 verbose run-script [ 'prewebpackdev', 'webpackdev', 'postwebpackdev' ]
5 info lifecycle thinkwp@1.0.0~prewebpackdev: thinkwp@1.0.0
6 silly lifecycle thinkwp@1.0.0~prewebpackdev: no script for prewebpackdev, continuing
7 info lifecycle thinkwp@1.0.0~webpackdev: thinkwp@1.0.0
8 verbose lifecycle thinkwp@1.0.0~webpackdev: unsafe-perm in lifecycle true
9 verbose lifecycle thinkwp@1.0.0~webpackdev: PATH: /usr/local/lib/node_modules/npm/bin/node-gyp-bin:/Users/zhongzhuhua/ice/yunyin/thinkwp/node_modules/.bin:/usr/local/bin:/usr/bin:/bin:/usr/sbin:/sbin:/Users/zhongzhuhua/.rvm/bin
10 verbose lifecycle thinkwp@1.0.0~webpackdev: CWD: /Users/zhongzhuhua/ice/yunyin/thinkwp
11 silly lifecycle thinkwp@1.0.0~webpackdev: Args: [ '-c',
11 silly lifecycle   'webpack-dev-server --env dev --inline --hot --port 5500' ]
12 silly lifecycle thinkwp@1.0.0~webpackdev: Returned: code: 1  signal: null
13 info lifecycle thinkwp@1.0.0~webpackdev: Failed to exec webpackdev script
14 verbose stack Error: thinkwp@1.0.0 webpackdev: `webpack-dev-server --env dev --inline --hot --port 5500`
14 verbose stack Exit status 1
14 verbose stack     at EventEmitter.<anonymous> (/usr/local/lib/node_modules/npm/lib/utils/lifecycle.js:255:16)
14 verbose stack     at emitTwo (events.js:106:13)
14 verbose stack     at EventEmitter.emit (events.js:191:7)
14 verbose stack     at ChildProcess.<anonymous> (/usr/local/lib/node_modules/npm/lib/utils/spawn.js:40:14)
14 verbose stack     at emitTwo (events.js:106:13)
14 verbose stack     at ChildProcess.emit (events.js:191:7)
14 verbose stack     at maybeClose (internal/child_process.js:850:16)
14 verbose stack     at Process.ChildProcess._handle.onexit (internal/child_process.js:215:5)
15 verbose pkgid thinkwp@1.0.0
16 verbose cwd /Users/zhongzhuhua/ice/yunyin/thinkwp
17 error Darwin 15.5.0
18 error argv "/usr/local/bin/node" "/usr/local/bin/npm" "run" "webpackdev"
19 error node v6.2.0
20 error npm  v3.10.6
21 error code ELIFECYCLE
22 error thinkwp@1.0.0 webpackdev: `webpack-dev-server --env dev --inline --hot --port 5500`
22 error Exit status 1
23 error Failed at the thinkwp@1.0.0 webpackdev script 'webpack-dev-server --env dev --inline --hot --port 5500'.
23 error Make sure you have the latest version of node.js and npm installed.
23 error If you do, this is most likely a problem with the thinkwp package,
23 error not with npm itself.
23 error Tell the author that this fails on your system:
23 error     webpack-dev-server --env dev --inline --hot --port 5500
23 error You can get information on how to open an issue for this project with:
23 error     npm bugs thinkwp
23 error Or if that isn't available, you can get their info via:
23 error     npm owner ls thinkwp
23 error There is likely additional logging output above.
24 verbose exit [ 1, true ]
